-------------------------------------------------------------------------------
Test set: com.upgrad.quora.api.controller.AdminControllerTest
-------------------------------------------------------------------------------
Tests run: 3, Failures: 1, Errors: 0, Skipped: 0, Time elapsed: 42.887 s <<< FAILURE! - in com.upgrad.quora.api.controller.AdminControllerTest
deleteNonExistingUser(com.upgrad.quora.api.controller.AdminControllerTest)  Time elapsed: 1.29 s  <<< FAILURE!
java.lang.AssertionError: Status expected:<404> but was:<403>
	at com.upgrad.quora.api.controller.AdminControllerTest.deleteNonExistingUser(AdminControllerTest.java:47)

